<?xml version="1.0" encoding="UTF-8"?>
<testsuite xmlns:xsi="http://www.w3.org/2001/XMLSchema-instance" xsi:noNamespaceSchemaLocation="https://maven.apache.org/surefire/maven-surefire-plugin/xsd/surefire-test-report-3.0.xsd" version="3.0" name="com.mychatapp.abusemasker.SpringBootAbuseMaskerApplicationTests" time="2.54" tests="1" errors="0" skipped="0" failures="0">
  <properties>
[...]
</properties>
  <testcase name="contextLoads" classname="com.mychatapp.abusemasker.SpringBootAbuseMaskerApplicationTests" time="0.806">
    <system-out><![CDATA[17:17:47.513 [main] INFO org.springframework.test.context.support.AnnotationConfigContextLoaderUtils -- Could not detect default configuration classes for test class [com.mychatapp.abusemasker.SpringBootAbuseMaskerApplicationTests]: SpringBootAbuseMaskerApplicationTests does not declare any static, non-private, non-final, nested classes annotated with @Configuration.
17:17:47.604 [main] INFO org.springframework.boot.test.context.SpringBootTestContextBootstrapper -- Found @SpringBootConfiguration com.mychatapp.abusemasker.SpringBootAbuseMaskerApplication for test class com.mychatapp.abusemasker.SpringBootAbuseMaskerApplicationTests

  .   ____          _            __ _ _
 /\\ / ___'_ __ _ _(_)_ __  __ _ \ \ \ \
( ( )\___ | '_ | '_| | '_ \/ _` | \ \ \ \
 \\/  ___)| |_)| | | | | || (_| |  ) ) ) )
  '  |____| .__|_| |_|_| |_\__, | / / / /
 =========|_|==============|___/=/_/_/_/
 :: Spring Boot ::               (v3.1.11)

2024-05-16T17:17:47.963+05:30  INFO 81589 --- [           main] .a.SpringBootAbuseMaskerApplicationTests : Starting SpringBootAbuseMaskerApplicationTests using Java 17.0.10 with PID 81589 (started by madhubabukukkuluri in /home/madhubabukukkuluri/Downloads/abuse-masker)
2024-05-16T17:17:47.965+05:30  INFO 81589 --- [           main] .a.SpringBootAbuseMaskerApplicationTests : No active profile set, falling back to 1 default profile: "default"
2024-05-16T17:17:48.964+05:30  INFO 81589 --- [           main] o.s.b.a.w.s.WelcomePageHandlerMapping    : Adding welcome page: class path resource [static/index.html]
2024-05-16T17:17:49.072+05:30  INFO 81589 --- [           main] o.s.m.s.b.SimpleBrokerMessageHandler     : Starting...
2024-05-16T17:17:49.075+05:30  INFO 81589 --- [           main] o.s.m.s.b.SimpleBrokerMessageHandler     : BrokerAvailabilityEvent[available=true, SimpleBrokerMessageHandler [org.springframework.messaging.simp.broker.DefaultSubscriptionRegistry@6a9344f5]]
2024-05-16T17:17:49.076+05:30  INFO 81589 --- [           main] o.s.m.s.b.SimpleBrokerMessageHandler     : Started.
2024-05-16T17:17:49.085+05:30  INFO 81589 --- [           main] .a.SpringBootAbuseMaskerApplicationTests : Started SpringBootAbuseMaskerApplicationTests in 1.343 seconds (process running for 2.164)
Chat Application started
]]></system-out>
  </testcase>
</testsuite>